  Client.cpp
c:\users\korisnik\desktop\ikp_projekat_p2p\ikp2020\winsockclient\client.cpp(165): warning C4996: 'strcpy': This function or variable may be unsafe. Consider using strcpy_s instead. To disable deprecation, use _CRT_SECURE_NO_WARNINGS. See online help for details.
  d:\windows kits\10\include\10.0.17763.0\ucrt\string.h(133): note: see declaration of 'strcpy'
c:\users\korisnik\desktop\ikp_projekat_p2p\ikp2020\winsockclient\client.cpp(166): warning C4996: 'strcpy': This function or variable may be unsafe. Consider using strcpy_s instead. To disable deprecation, use _CRT_SECURE_NO_WARNINGS. See online help for details.
  d:\windows kits\10\include\10.0.17763.0\ucrt\string.h(133): note: see declaration of 'strcpy'
c:\users\korisnik\desktop\ikp_projekat_p2p\ikp2020\winsockclient\client.cpp(167): warning C4996: 'strcpy': This function or variable may be unsafe. Consider using strcpy_s instead. To disable deprecation, use _CRT_SECURE_NO_WARNINGS. See online help for details.
  d:\windows kits\10\include\10.0.17763.0\ucrt\string.h(133): note: see declaration of 'strcpy'
c:\users\korisnik\desktop\ikp_projekat_p2p\ikp2020\winsockclient\client.cpp(168): warning C4996: 'strcpy': This function or variable may be unsafe. Consider using strcpy_s instead. To disable deprecation, use _CRT_SECURE_NO_WARNINGS. See online help for details.
  d:\windows kits\10\include\10.0.17763.0\ucrt\string.h(133): note: see declaration of 'strcpy'
c:\users\korisnik\desktop\ikp_projekat_p2p\ikp2020\winsockclient\client.cpp(243): warning C4996: 'inet_addr': Use inet_pton() or InetPton() instead or define _WINSOCK_DEPRECATED_NO_WARNINGS to disable deprecated API warnings
  d:\windows kits\10\include\10.0.17763.0\um\winsock2.h(1831): note: see declaration of 'inet_addr'
c:\users\korisnik\desktop\ikp_projekat_p2p\ikp2020\winsockclient\client.cpp(272): warning C4996: 'strcpy': This function or variable may be unsafe. Consider using strcpy_s instead. To disable deprecation, use _CRT_SECURE_NO_WARNINGS. See online help for details.
  d:\windows kits\10\include\10.0.17763.0\ucrt\string.h(133): note: see declaration of 'strcpy'
c:\users\korisnik\desktop\ikp_projekat_p2p\ikp2020\winsockclient\client.cpp(273): warning C4996: 'strcpy': This function or variable may be unsafe. Consider using strcpy_s instead. To disable deprecation, use _CRT_SECURE_NO_WARNINGS. See online help for details.
  d:\windows kits\10\include\10.0.17763.0\ucrt\string.h(133): note: see declaration of 'strcpy'
c:\users\korisnik\desktop\ikp_projekat_p2p\ikp2020\winsockclient\client.cpp(275): warning C4996: 'strcpy': This function or variable may be unsafe. Consider using strcpy_s instead. To disable deprecation, use _CRT_SECURE_NO_WARNINGS. See online help for details.
  d:\windows kits\10\include\10.0.17763.0\ucrt\string.h(133): note: see declaration of 'strcpy'
c:\users\korisnik\desktop\ikp_projekat_p2p\ikp2020\winsockclient\client.cpp(281): warning C4996: 'strcpy': This function or variable may be unsafe. Consider using strcpy_s instead. To disable deprecation, use _CRT_SECURE_NO_WARNINGS. See online help for details.
  d:\windows kits\10\include\10.0.17763.0\ucrt\string.h(133): note: see declaration of 'strcpy'
c:\users\korisnik\desktop\ikp_projekat_p2p\ikp2020\winsockclient\client.cpp(282): warning C4996: 'strcpy': This function or variable may be unsafe. Consider using strcpy_s instead. To disable deprecation, use _CRT_SECURE_NO_WARNINGS. See online help for details.
  d:\windows kits\10\include\10.0.17763.0\ucrt\string.h(133): note: see declaration of 'strcpy'
c:\users\korisnik\desktop\ikp_projekat_p2p\ikp2020\winsockclient\client.cpp(316): warning C4996: 'strcpy': This function or variable may be unsafe. Consider using strcpy_s instead. To disable deprecation, use _CRT_SECURE_NO_WARNINGS. See online help for details.
  d:\windows kits\10\include\10.0.17763.0\ucrt\string.h(133): note: see declaration of 'strcpy'
c:\users\korisnik\desktop\ikp_projekat_p2p\ikp2020\winsockclient\client.cpp(317): warning C4996: 'sprintf': This function or variable may be unsafe. Consider using sprintf_s instead. To disable deprecation, use _CRT_SECURE_NO_WARNINGS. See online help for details.
  d:\windows kits\10\include\10.0.17763.0\ucrt\stdio.h(1774): note: see declaration of 'sprintf'
c:\users\korisnik\desktop\ikp_projekat_p2p\ikp2020\winsockclient\client.cpp(535): warning C4996: 'strcpy': This function or variable may be unsafe. Consider using strcpy_s instead. To disable deprecation, use _CRT_SECURE_NO_WARNINGS. See online help for details.
  d:\windows kits\10\include\10.0.17763.0\ucrt\string.h(133): note: see declaration of 'strcpy'
c:\users\korisnik\desktop\ikp_projekat_p2p\ikp2020\winsockclient\client.cpp(536): warning C4996: 'strcpy': This function or variable may be unsafe. Consider using strcpy_s instead. To disable deprecation, use _CRT_SECURE_NO_WARNINGS. See online help for details.
  d:\windows kits\10\include\10.0.17763.0\ucrt\string.h(133): note: see declaration of 'strcpy'
c:\users\korisnik\desktop\ikp_projekat_p2p\ikp2020\winsockclient\client.cpp(537): warning C4996: 'strcpy': This function or variable may be unsafe. Consider using strcpy_s instead. To disable deprecation, use _CRT_SECURE_NO_WARNINGS. See online help for details.
  d:\windows kits\10\include\10.0.17763.0\ucrt\string.h(133): note: see declaration of 'strcpy'
c:\users\korisnik\desktop\ikp_projekat_p2p\ikp2020\winsockclient\client.cpp(539): warning C4996: 'strcpy': This function or variable may be unsafe. Consider using strcpy_s instead. To disable deprecation, use _CRT_SECURE_NO_WARNINGS. See online help for details.
  d:\windows kits\10\include\10.0.17763.0\ucrt\string.h(133): note: see declaration of 'strcpy'
c:\users\korisnik\desktop\ikp_projekat_p2p\ikp2020\winsockclient\client.cpp(1006): warning C4996: 'strcpy': This function or variable may be unsafe. Consider using strcpy_s instead. To disable deprecation, use _CRT_SECURE_NO_WARNINGS. See online help for details.
  d:\windows kits\10\include\10.0.17763.0\ucrt\string.h(133): note: see declaration of 'strcpy'
c:\users\korisnik\desktop\ikp_projekat_p2p\ikp2020\winsockclient\client.cpp(1030): warning C4996: 'inet_addr': Use inet_pton() or InetPton() instead or define _WINSOCK_DEPRECATED_NO_WARNINGS to disable deprecated API warnings
  d:\windows kits\10\include\10.0.17763.0\um\winsock2.h(1831): note: see declaration of 'inet_addr'
c:\users\korisnik\desktop\ikp_projekat_p2p\ikp2020\winsockclient\client.cpp(1051): warning C4996: 'strcpy': This function or variable may be unsafe. Consider using strcpy_s instead. To disable deprecation, use _CRT_SECURE_NO_WARNINGS. See online help for details.
  d:\windows kits\10\include\10.0.17763.0\ucrt\string.h(133): note: see declaration of 'strcpy'
c:\users\korisnik\desktop\ikp_projekat_p2p\ikp2020\winsockclient\client.cpp(1059): warning C4996: 'scanf': This function or variable may be unsafe. Consider using scanf_s instead. To disable deprecation, use _CRT_SECURE_NO_WARNINGS. See online help for details.
  d:\windows kits\10\include\10.0.17763.0\ucrt\stdio.h(1274): note: see declaration of 'scanf'
c:\users\korisnik\desktop\ikp_projekat_p2p\ikp2020\winsockclient\client.cpp(1060): warning C4996: 'strcpy': This function or variable may be unsafe. Consider using strcpy_s instead. To disable deprecation, use _CRT_SECURE_NO_WARNINGS. See online help for details.
  d:\windows kits\10\include\10.0.17763.0\ucrt\string.h(133): note: see declaration of 'strcpy'
c:\users\korisnik\desktop\ikp_projekat_p2p\ikp2020\winsockclient\client.cpp(1061): warning C4996: 'strcpy': This function or variable may be unsafe. Consider using strcpy_s instead. To disable deprecation, use _CRT_SECURE_NO_WARNINGS. See online help for details.
  d:\windows kits\10\include\10.0.17763.0\ucrt\string.h(133): note: see declaration of 'strcpy'
c:\users\korisnik\desktop\ikp_projekat_p2p\ikp2020\winsockclient\client.cpp(1062): warning C4996: 'strcpy': This function or variable may be unsafe. Consider using strcpy_s instead. To disable deprecation, use _CRT_SECURE_NO_WARNINGS. See online help for details.
  d:\windows kits\10\include\10.0.17763.0\ucrt\string.h(133): note: see declaration of 'strcpy'
c:\users\korisnik\desktop\ikp_projekat_p2p\ikp2020\winsockclient\client.cpp(1134): warning C4996: 'strcpy': This function or variable may be unsafe. Consider using strcpy_s instead. To disable deprecation, use _CRT_SECURE_NO_WARNINGS. See online help for details.
  d:\windows kits\10\include\10.0.17763.0\ucrt\string.h(133): note: see declaration of 'strcpy'
c:\users\korisnik\desktop\ikp_projekat_p2p\ikp2020\winsockclient\client.cpp(1174): warning C4996: 'scanf': This function or variable may be unsafe. Consider using scanf_s instead. To disable deprecation, use _CRT_SECURE_NO_WARNINGS. See online help for details.
  d:\windows kits\10\include\10.0.17763.0\ucrt\stdio.h(1274): note: see declaration of 'scanf'
c:\users\korisnik\desktop\ikp_projekat_p2p\ikp2020\winsockclient\client.cpp(1183): warning C4996: 'strcpy': This function or variable may be unsafe. Consider using strcpy_s instead. To disable deprecation, use _CRT_SECURE_NO_WARNINGS. See online help for details.
  d:\windows kits\10\include\10.0.17763.0\ucrt\string.h(133): note: see declaration of 'strcpy'
c:\users\korisnik\desktop\ikp_projekat_p2p\ikp2020\winsockclient\client.cpp(1196): warning C4996: 'scanf': This function or variable may be unsafe. Consider using scanf_s instead. To disable deprecation, use _CRT_SECURE_NO_WARNINGS. See online help for details.
  d:\windows kits\10\include\10.0.17763.0\ucrt\stdio.h(1274): note: see declaration of 'scanf'
c:\users\korisnik\desktop\ikp_projekat_p2p\ikp2020\winsockclient\client.cpp(1200): warning C4996: 'strcpy': This function or variable may be unsafe. Consider using strcpy_s instead. To disable deprecation, use _CRT_SECURE_NO_WARNINGS. See online help for details.
  d:\windows kits\10\include\10.0.17763.0\ucrt\string.h(133): note: see declaration of 'strcpy'
c:\users\korisnik\desktop\ikp_projekat_p2p\ikp2020\winsockclient\client.cpp(1211): warning C4996: 'strcpy': This function or variable may be unsafe. Consider using strcpy_s instead. To disable deprecation, use _CRT_SECURE_NO_WARNINGS. See online help for details.
  d:\windows kits\10\include\10.0.17763.0\ucrt\string.h(133): note: see declaration of 'strcpy'
c:\users\korisnik\desktop\ikp_projekat_p2p\ikp2020\winsockclient\client.cpp(1261): warning C4996: 'strcpy': This function or variable may be unsafe. Consider using strcpy_s instead. To disable deprecation, use _CRT_SECURE_NO_WARNINGS. See online help for details.
  d:\windows kits\10\include\10.0.17763.0\ucrt\string.h(133): note: see declaration of 'strcpy'
c:\users\korisnik\desktop\ikp_projekat_p2p\ikp2020\winsockclient\client.cpp(1307): warning C4996: 'strcpy': This function or variable may be unsafe. Consider using strcpy_s instead. To disable deprecation, use _CRT_SECURE_NO_WARNINGS. See online help for details.
  d:\windows kits\10\include\10.0.17763.0\ucrt\string.h(133): note: see declaration of 'strcpy'
c:\users\korisnik\desktop\ikp_projekat_p2p\ikp2020\winsockclient\client.cpp(1323): warning C4996: 'scanf': This function or variable may be unsafe. Consider using scanf_s instead. To disable deprecation, use _CRT_SECURE_NO_WARNINGS. See online help for details.
  d:\windows kits\10\include\10.0.17763.0\ucrt\stdio.h(1274): note: see declaration of 'scanf'
c:\users\korisnik\desktop\ikp_projekat_p2p\ikp2020\winsockclient\client.cpp(1338): warning C4996: 'strcpy': This function or variable may be unsafe. Consider using strcpy_s instead. To disable deprecation, use _CRT_SECURE_NO_WARNINGS. See online help for details.
  d:\windows kits\10\include\10.0.17763.0\ucrt\string.h(133): note: see declaration of 'strcpy'
c:\users\korisnik\desktop\ikp_projekat_p2p\ikp2020\winsockclient\client.cpp(1399): warning C4996: 'strcpy': This function or variable may be unsafe. Consider using strcpy_s instead. To disable deprecation, use _CRT_SECURE_NO_WARNINGS. See online help for details.
  d:\windows kits\10\include\10.0.17763.0\ucrt\string.h(133): note: see declaration of 'strcpy'
c:\users\korisnik\desktop\ikp_projekat_p2p\ikp2020\winsockclient\client.cpp(1400): warning C4996: 'sprintf': This function or variable may be unsafe. Consider using sprintf_s instead. To disable deprecation, use _CRT_SECURE_NO_WARNINGS. See online help for details.
  d:\windows kits\10\include\10.0.17763.0\ucrt\stdio.h(1774): note: see declaration of 'sprintf'
c:\users\korisnik\desktop\ikp_projekat_p2p\ikp2020\winsockclient\client.cpp(1488): warning C4996: 'strcpy': This function or variable may be unsafe. Consider using strcpy_s instead. To disable deprecation, use _CRT_SECURE_NO_WARNINGS. See online help for details.
  d:\windows kits\10\include\10.0.17763.0\ucrt\string.h(133): note: see declaration of 'strcpy'
c:\users\korisnik\desktop\ikp_projekat_p2p\ikp2020\winsockclient\client.cpp(1489): warning C4996: 'sprintf': This function or variable may be unsafe. Consider using sprintf_s instead. To disable deprecation, use _CRT_SECURE_NO_WARNINGS. See online help for details.
  d:\windows kits\10\include\10.0.17763.0\ucrt\stdio.h(1774): note: see declaration of 'sprintf'
c:\users\korisnik\desktop\ikp_projekat_p2p\ikp2020\peertopeer\hashmap_client.cpp(98): warning C4715: 'FindValueInHashMap': not all control paths return a value
c:\users\korisnik\desktop\ikp_projekat_p2p\ikp2020\winsockclient\client.cpp(873): warning C4700: uninitialized local variable 'thread' used
c:\users\korisnik\desktop\ikp_projekat_p2p\ikp2020\winsockclient\client.cpp(874): warning C4700: uninitialized local variable 'thread_directly_recv' used
c:\users\korisnik\desktop\ikp_projekat_p2p\ikp2020\winsockclient\client.cpp(875): warning C4700: uninitialized local variable 'thread_send_message_directly' used
c:\users\korisnik\desktop\ikp_projekat_p2p\ikp2020\winsockclient\client.cpp(876): warning C4700: uninitialized local variable 'thread_for_accept_clients' used
c:\users\korisnik\desktop\ikp_projekat_p2p\ikp2020\winsockclient\client.cpp(877): warning C4700: uninitialized local variable 'thread_recv_on_connectSockets' used
  WinSockClient.vcxproj -> C:\Users\Korisnik\Desktop\IKP_Projekat_P2P\IKP2020\Debug\WinSockClient.exe
